m:\school\ggp\ote3\originaltheengine3\x64\debug\pixelshader.cso
m:\school\ggp\ote3\originaltheengine3\x64\debug\vertexshader.cso
m:\school\ggp\ote3\originaltheengine3\a01-mesh\x64\debug\vc141.pdb
m:\school\ggp\ote3\originaltheengine3\a01-mesh\x64\debug\vc141.idb
m:\school\ggp\ote3\originaltheengine3\a01-mesh\x64\debug\dxcore.obj
m:\school\ggp\ote3\originaltheengine3\a01-mesh\x64\debug\game.obj
m:\school\ggp\ote3\originaltheengine3\a01-mesh\x64\debug\main.obj
m:\school\ggp\ote3\originaltheengine3\a01-mesh\x64\debug\mesh.obj
m:\school\ggp\ote3\originaltheengine3\a01-mesh\x64\debug\simpleshader.obj
m:\school\ggp\ote3\originaltheengine3\x64\debug\a01-mesh.ilk
m:\school\ggp\ote3\originaltheengine3\x64\debug\a01-mesh.exe
m:\school\ggp\ote3\originaltheengine3\x64\debug\a01-mesh.pdb
m:\school\ggp\ote3\originaltheengine3\a01-mesh\x64\debug\a01-mesh.tlog\a01-mesh.write.1u.tlog
m:\school\ggp\ote3\originaltheengine3\a01-mesh\x64\debug\a01-mesh.tlog\cl.command.1.tlog
m:\school\ggp\ote3\originaltheengine3\a01-mesh\x64\debug\a01-mesh.tlog\cl.read.1.tlog
m:\school\ggp\ote3\originaltheengine3\a01-mesh\x64\debug\a01-mesh.tlog\cl.write.1.tlog
m:\school\ggp\ote3\originaltheengine3\a01-mesh\x64\debug\a01-mesh.tlog\fxc.command.1.tlog
m:\school\ggp\ote3\originaltheengine3\a01-mesh\x64\debug\a01-mesh.tlog\fxc.read.1.tlog
m:\school\ggp\ote3\originaltheengine3\a01-mesh\x64\debug\a01-mesh.tlog\fxc.write.1.tlog
m:\school\ggp\ote3\originaltheengine3\a01-mesh\x64\debug\a01-mesh.tlog\link.command.1.tlog
m:\school\ggp\ote3\originaltheengine3\a01-mesh\x64\debug\a01-mesh.tlog\link.read.1.tlog
m:\school\ggp\ote3\originaltheengine3\a01-mesh\x64\debug\a01-mesh.tlog\link.write.1.tlog
