m:\school\ggp\ote3\originaltheengine3\x64\debug\pixelshader.cso
m:\school\ggp\ote3\originaltheengine3\x64\debug\vertexshader.cso
m:\school\ggp\ote3\originaltheengine3\a03-makingthingsmove\x64\debug\vc141.pdb
m:\school\ggp\ote3\originaltheengine3\a03-makingthingsmove\x64\debug\vc141.idb
m:\school\ggp\ote3\originaltheengine3\a03-makingthingsmove\x64\debug\camera.obj
m:\school\ggp\ote3\originaltheengine3\a03-makingthingsmove\x64\debug\dxcore.obj
m:\school\ggp\ote3\originaltheengine3\a03-makingthingsmove\x64\debug\entity.obj
m:\school\ggp\ote3\originaltheengine3\a03-makingthingsmove\x64\debug\game.obj
m:\school\ggp\ote3\originaltheengine3\a03-makingthingsmove\x64\debug\main.obj
m:\school\ggp\ote3\originaltheengine3\a03-makingthingsmove\x64\debug\material.obj
m:\school\ggp\ote3\originaltheengine3\a03-makingthingsmove\x64\debug\mesh.obj
m:\school\ggp\ote3\originaltheengine3\a03-makingthingsmove\x64\debug\simpleshader.obj
m:\school\ggp\ote3\originaltheengine3\x64\debug\a03-makingthingsmove.ilk
m:\school\ggp\ote3\originaltheengine3\x64\debug\a03-makingthingsmove.exe
m:\school\ggp\ote3\originaltheengine3\x64\debug\a03-makingthingsmove.pdb
m:\school\ggp\ote3\originaltheengine3\a03-makingthingsmove\x64\debug\a03-maki.37e12e04.tlog\a03-makingthingsmove.write.1u.tlog
m:\school\ggp\ote3\originaltheengine3\a03-makingthingsmove\x64\debug\a03-maki.37e12e04.tlog\cl.command.1.tlog
m:\school\ggp\ote3\originaltheengine3\a03-makingthingsmove\x64\debug\a03-maki.37e12e04.tlog\cl.read.1.tlog
m:\school\ggp\ote3\originaltheengine3\a03-makingthingsmove\x64\debug\a03-maki.37e12e04.tlog\cl.write.1.tlog
m:\school\ggp\ote3\originaltheengine3\a03-makingthingsmove\x64\debug\a03-maki.37e12e04.tlog\fxc.command.1.tlog
m:\school\ggp\ote3\originaltheengine3\a03-makingthingsmove\x64\debug\a03-maki.37e12e04.tlog\fxc.read.1.tlog
m:\school\ggp\ote3\originaltheengine3\a03-makingthingsmove\x64\debug\a03-maki.37e12e04.tlog\fxc.write.1.tlog
m:\school\ggp\ote3\originaltheengine3\a03-makingthingsmove\x64\debug\a03-maki.37e12e04.tlog\link.command.1.tlog
m:\school\ggp\ote3\originaltheengine3\a03-makingthingsmove\x64\debug\a03-maki.37e12e04.tlog\link.read.1.tlog
m:\school\ggp\ote3\originaltheengine3\a03-makingthingsmove\x64\debug\a03-maki.37e12e04.tlog\link.write.1.tlog
