m:\school\ggp\ote3\originaltheengine3\x64\debug\pixelshader.cso
m:\school\ggp\ote3\originaltheengine3\x64\debug\vertexshader.cso
m:\school\ggp\ote3\originaltheengine3\a04-cameraandmaterials\x64\debug\vc141.pdb
m:\school\ggp\ote3\originaltheengine3\a04-cameraandmaterials\x64\debug\vc141.idb
m:\school\ggp\ote3\originaltheengine3\a04-cameraandmaterials\x64\debug\camera.obj
m:\school\ggp\ote3\originaltheengine3\a04-cameraandmaterials\x64\debug\dxcore.obj
m:\school\ggp\ote3\originaltheengine3\a04-cameraandmaterials\x64\debug\entity.obj
m:\school\ggp\ote3\originaltheengine3\a04-cameraandmaterials\x64\debug\game.obj
m:\school\ggp\ote3\originaltheengine3\a04-cameraandmaterials\x64\debug\main.obj
m:\school\ggp\ote3\originaltheengine3\a04-cameraandmaterials\x64\debug\material.obj
m:\school\ggp\ote3\originaltheengine3\a04-cameraandmaterials\x64\debug\mesh.obj
m:\school\ggp\ote3\originaltheengine3\a04-cameraandmaterials\x64\debug\simpleshader.obj
m:\school\ggp\ote3\originaltheengine3\x64\debug\a04-cameraandmaterial.ilk
m:\school\ggp\ote3\originaltheengine3\x64\debug\a04-cameraandmaterial.exe
m:\school\ggp\ote3\originaltheengine3\x64\debug\a04-cameraandmaterial.pdb
m:\school\ggp\ote3\originaltheengine3\a04-cameraandmaterials\x64\debug\a04-came.b48b17a2.tlog\a04-cameraandmaterial.write.1u.tlog
m:\school\ggp\ote3\originaltheengine3\a04-cameraandmaterials\x64\debug\a04-came.b48b17a2.tlog\cl.command.1.tlog
m:\school\ggp\ote3\originaltheengine3\a04-cameraandmaterials\x64\debug\a04-came.b48b17a2.tlog\cl.read.1.tlog
m:\school\ggp\ote3\originaltheengine3\a04-cameraandmaterials\x64\debug\a04-came.b48b17a2.tlog\cl.write.1.tlog
m:\school\ggp\ote3\originaltheengine3\a04-cameraandmaterials\x64\debug\a04-came.b48b17a2.tlog\fxc.command.1.tlog
m:\school\ggp\ote3\originaltheengine3\a04-cameraandmaterials\x64\debug\a04-came.b48b17a2.tlog\fxc.read.1.tlog
m:\school\ggp\ote3\originaltheengine3\a04-cameraandmaterials\x64\debug\a04-came.b48b17a2.tlog\fxc.write.1.tlog
m:\school\ggp\ote3\originaltheengine3\a04-cameraandmaterials\x64\debug\a04-came.b48b17a2.tlog\link.command.1.tlog
m:\school\ggp\ote3\originaltheengine3\a04-cameraandmaterials\x64\debug\a04-came.b48b17a2.tlog\link.read.1.tlog
m:\school\ggp\ote3\originaltheengine3\a04-cameraandmaterials\x64\debug\a04-came.b48b17a2.tlog\link.write.1.tlog
